0 info it worked if it ends with ok
1 verbose cli [ 'C:\\Program Files\\nodejs\\node.exe',
1 verbose cli   'C:\\Program Files\\nodejs\\node_modules\\npm\\bin\\npm-cli.js',
1 verbose cli   'run',
1 verbose cli   'babel' ]
2 info using npm@3.8.6
3 info using node@v6.1.0
4 verbose run-script [ 'prebabel', 'babel', 'postbabel' ]
5 info lifecycle soap-canvas@0.0.1~prebabel: soap-canvas@0.0.1
6 silly lifecycle soap-canvas@0.0.1~prebabel: no script for prebabel, continuing
7 info lifecycle soap-canvas@0.0.1~babel: soap-canvas@0.0.1
8 verbose lifecycle soap-canvas@0.0.1~babel: unsafe-perm in lifecycle true
9 verbose lifecycle soap-canvas@0.0.1~babel: PATH: C:\Program Files\nodejs\node_modules\npm\bin\node-gyp-bin;D:\git\all\wheels\soap-canvas\node_modules\.bin;C:\Program Files\nodejs;C:\Users\zhaoluwei\bin;C:\Program Files\Git\mingw64\bin;C:\Program Files\Git\usr\local\bin;C:\Program Files\Git\usr\bin;C:\Program Files\Git\usr\bin;C:\Program Files\Git\mingw64\bin;C:\Program Files\Git\usr\bin;C:\Users\zhaoluwei\bin;C:\Windows\system32;C:\Windows;C:\Windows\System32\Wbem;C:\Windows\System32\WindowsPowerShell\v1.0;C:\Program Files\WIDCOMM\Bluetooth Software;C:\Program Files\WIDCOMM\Bluetooth Software\syswow64;C:\Program Files (x86)\NVIDIA Corporation\PhysX\Common;C:\Program Files\nodejs;C:\Program Files\TortoiseSVN\bin;C:\Ruby22\bin;C:\Users\zhaoluwei\AppData\Roaming\npm;C:\Program Files\Git\usr\bin\vendor_perl;C:\Program Files\Git\usr\bin\core_perl
10 verbose lifecycle soap-canvas@0.0.1~babel: CWD: D:\git\all\wheels\soap-canvas
11 silly lifecycle soap-canvas@0.0.1~babel: Args: [ '/d /s /c', 'rollup --config' ]
12 silly lifecycle soap-canvas@0.0.1~babel: Returned: code: 1  signal: null
13 info lifecycle soap-canvas@0.0.1~babel: Failed to exec babel script
14 verbose stack Error: soap-canvas@0.0.1 babel: `rollup --config`
14 verbose stack Exit status 1
14 verbose stack     at EventEmitter.<anonymous> (C:\Program Files\nodejs\node_modules\npm\lib\utils\lifecycle.js:239:16)
14 verbose stack     at emitTwo (events.js:106:13)
14 verbose stack     at EventEmitter.emit (events.js:191:7)
14 verbose stack     at ChildProcess.<anonymous> (C:\Program Files\nodejs\node_modules\npm\lib\utils\spawn.js:24:14)
14 verbose stack     at emitTwo (events.js:106:13)
14 verbose stack     at ChildProcess.emit (events.js:191:7)
14 verbose stack     at maybeClose (internal/child_process.js:850:16)
14 verbose stack     at Process.ChildProcess._handle.onexit (internal/child_process.js:215:5)
15 verbose pkgid soap-canvas@0.0.1
16 verbose cwd D:\git\all\wheels\soap-canvas
17 error Windows_NT 6.1.7601
18 error argv "C:\\Program Files\\nodejs\\node.exe" "C:\\Program Files\\nodejs\\node_modules\\npm\\bin\\npm-cli.js" "run" "babel"
19 error node v6.1.0
20 error npm  v3.8.6
21 error code ELIFECYCLE
22 error soap-canvas@0.0.1 babel: `rollup --config`
22 error Exit status 1
23 error Failed at the soap-canvas@0.0.1 babel script 'rollup --config'.
23 error Make sure you have the latest version of node.js and npm installed.
23 error If you do, this is most likely a problem with the soap-canvas package,
23 error not with npm itself.
23 error Tell the author that this fails on your system:
23 error     rollup --config
23 error You can get information on how to open an issue for this project with:
23 error     npm bugs soap-canvas
23 error Or if that isn't available, you can get their info via:
23 error     npm owner ls soap-canvas
23 error There is likely additional logging output above.
24 verbose exit [ 1, true ]
